<?xml version="1.0" encoding="UTF-8" ?>
<testsuite tests="8" failures="0" name="com.johnsproject.joo.JooCompilerTest" time="0.014" errors="0" skipped="0">
  <properties>
[...]
</properties>
  <testcase classname="com.johnsproject.joo.JooCompilerTest" name="replaceParametersTest" time="0.006"/>
  <testcase classname="com.johnsproject.joo.JooCompilerTest" name="parseNativeFunctionsTest" time="0.002"/>
  <testcase classname="com.johnsproject.joo.JooCompilerTest" name="replaceVariablesTest" time="0.002"/>
  <testcase classname="com.johnsproject.joo.JooCompilerTest" name="replaceFunctionsTest" time="0.001"/>
  <testcase classname="com.johnsproject.joo.JooCompilerTest" name="replaceOperatorsTest" time="0"/>
  <testcase classname="com.johnsproject.joo.JooCompilerTest" name="compileTest" time="0.002"/>
  <testcase classname="com.johnsproject.joo.JooCompilerTest" name="replaceArraysTest" time="0"/>
  <testcase classname="com.johnsproject.joo.JooCompilerTest" name="replaceIfsTest" time="0.001"/>
</testsuite>